<?xml version="1.0" encoding="UTF-8"?>
<testsuite xmlns:xsi="http://www.w3.org/2001/XMLSchema-instance" xsi:noNamespaceSchemaLocation="https://maven.apache.org/surefire/maven-surefire-plugin/xsd/surefire-test-report.xsd" version="3.0.2" name="com.ifco.challenge.application.ChallengeApplicationTests" time="8.217" tests="1" errors="0" skipped="0" failures="0">
  <properties>
[...]
</properties>
  <testcase name="contextLoads" classname="com.ifco.challenge.application.ChallengeApplicationTests" time="0.348">
    <system-out><![CDATA[10:09:29.028 [main] INFO org.springframework.test.context.support.AnnotationConfigContextLoaderUtils -- Could not detect default configuration classes for test class [com.ifco.challenge.application.ChallengeApplicationTests]: ChallengeApplicationTests does not declare any static, non-private, non-final, nested classes annotated with @Configuration.
10:09:29.176 [main] INFO org.springframework.boot.test.context.SpringBootTestContextBootstrapper -- Found @SpringBootConfiguration com.ifco.challenge.ChallengeApplication for test class com.ifco.challenge.application.ChallengeApplicationTests
10:09:29.365 [main] INFO org.springframework.boot.devtools.restart.RestartApplicationListener -- Restart disabled due to context in which it is running

  .   ____          _            __ _ _
 /\\ / ___'_ __ _ _(_)_ __  __ _ \ \ \ \
( ( )\___ | '_ | '_| | '_ \/ _` | \ \ \ \
 \\/  ___)| |_)| | | | | || (_| |  ) ) ) )
  '  |____| .__|_| |_|_| |_\__, | / / / /
 =========|_|==============|___/=/_/_/_/

 :: Spring Boot ::                (v4.0.0)

2025-11-23T10:09:29.747+01:00  INFO 21152 --- [challenge] [           main] c.i.c.a.ChallengeApplicationTests        : Starting ChallengeApplicationTests using Java 21.0.6 with PID 21152 (started by lizzy in d:\Proyectos\ifco-challenge\backend)
2025-11-23T10:09:29.749+01:00  INFO 21152 --- [challenge] [           main] c.i.c.a.ChallengeApplicationTests        : The following 1 profile is active: "test"
2025-11-23T10:09:31.209+01:00  INFO 21152 --- [challenge] [           main] .s.d.r.c.RepositoryConfigurationDelegate : Multiple Spring Data modules found, entering strict repository configuration mode
2025-11-23T10:09:31.211+01:00  INFO 21152 --- [challenge] [           main] .s.d.r.c.RepositoryConfigurationDelegate : Bootstrapping Spring Data JPA repositories in DEFAULT mode.
2025-11-23T10:09:31.405+01:00  INFO 21152 --- [challenge] [           main] .s.d.r.c.RepositoryConfigurationDelegate : Finished Spring Data repository scanning in 168 ms. Found 1 JPA repository interface.
2025-11-23T10:09:31.453+01:00  INFO 21152 --- [challenge] [           main] .s.d.r.c.RepositoryConfigurationDelegate : Multiple Spring Data modules found, entering strict repository configuration mode
2025-11-23T10:09:31.457+01:00  INFO 21152 --- [challenge] [           main] .s.d.r.c.RepositoryConfigurationDelegate : Bootstrapping Spring Data Redis repositories in DEFAULT mode.
2025-11-23T10:09:31.484+01:00  INFO 21152 --- [challenge] [           main] .RepositoryConfigurationExtensionSupport : Spring Data Redis - Could not safely identify store assignment for repository candidate interface com.ifco.challenge.infrastructure.db.SpringDataTelemetryRepository; If you want this repository to be a Redis repository, consider annotating your entities with one of these annotations: org.springframework.data.redis.core.RedisHash (preferred), or consider extending one of the following types with your repository: org.springframework.data.keyvalue.repository.KeyValueRepository
2025-11-23T10:09:31.485+01:00  INFO 21152 --- [challenge] [           main] .s.d.r.c.RepositoryConfigurationDelegate : Finished Spring Data repository scanning in 10 ms. Found 0 Redis repository interfaces.
2025-11-23T10:09:32.575+01:00  INFO 21152 --- [challenge] [           main] o.hibernate.jpa.internal.util.LogHelper  : HHH000204: Processing PersistenceUnitInfo [name: default]
2025-11-23T10:09:32.717+01:00  INFO 21152 --- [challenge] [           main] org.hibernate.Version                    : HHH000412: Hibernate ORM core version 7.1.8.Final
2025-11-23T10:09:33.377+01:00  INFO 21152 --- [challenge] [           main] o.s.o.j.p.SpringPersistenceUnitInfo      : No LoadTimeWeaver setup: ignoring JPA class transformer
2025-11-23T10:09:33.408+01:00  INFO 21152 --- [challenge] [           main] com.zaxxer.hikari.HikariDataSource       : HikariPool-1 - Starting...
2025-11-23T10:09:33.575+01:00  INFO 21152 --- [challenge] [           main] com.zaxxer.hikari.pool.HikariPool        : HikariPool-1 - Added connection conn0: url=jdbc:h2:mem:testdb user=SA
2025-11-23T10:09:33.577+01:00  INFO 21152 --- [challenge] [           main] com.zaxxer.hikari.HikariDataSource       : HikariPool-1 - Start completed.
2025-11-23T10:09:33.599+01:00  WARN 21152 --- [challenge] [           main] org.hibernate.orm.deprecation            : HHH90000025: H2Dialect does not need to be specified explicitly using 'hibernate.dialect' (remove the property setting and it will be selected by default)
2025-11-23T10:09:33.625+01:00  INFO 21152 --- [challenge] [           main] org.hibernate.orm.connections.pooling    : HHH10001005: Database info:
	Database JDBC URL [jdbc:h2:mem:testdb]
	Database driver: H2 JDBC Driver
	Database dialect: H2Dialect
	Database version: 2.4.240
	Default catalog/schema: TESTDB/PUBLIC
	Autocommit mode: undefined/unknown
	Isolation level: READ_COMMITTED [default READ_COMMITTED]
	JDBC fetch size: 100
	Pool: DatasourceConnectionProviderImpl
	Minimum pool size: undefined/unknown
	Maximum pool size: undefined/unknown
2025-11-23T10:09:34.386+01:00  INFO 21152 --- [challenge] [           main] o.h.e.t.j.p.i.JtaPlatformInitiator       : HHH000489: No JTA platform available (set 'hibernate.transaction.jta.platform' to enable JTA platform integration)
Hibernate: create table telemetry (id bigint generated by default as identity, data varchar(255), primary key (id))
2025-11-23T10:09:34.439+01:00  INFO 21152 --- [challenge] [           main] j.LocalContainerEntityManagerFactoryBean : Initialized JPA EntityManagerFactory for persistence unit 'default'
2025-11-23T10:09:34.540+01:00  INFO 21152 --- [challenge] [           main] o.s.d.j.r.query.QueryEnhancerFactories   : Hibernate is in classpath; If applicable, HQL parser will be used.
2025-11-23T10:09:34.738+01:00  INFO 21152 --- [challenge] [           main] i.m.c.instrument.push.PushMeterRegistry  : publishing metrics for InfluxMeterRegistry every 1m
2025-11-23T10:09:34.739+01:00  INFO 21152 --- [challenge] [           main] i.micrometer.influx.InfluxMeterRegistry  : Using InfluxDB API version V1 to write metrics
2025-11-23T10:09:35.364+01:00  WARN 21152 --- [challenge] [           main] JpaBaseConfiguration$JpaWebConfiguration : spring.jpa.open-in-view is enabled by default. Therefore, database queries may be performed during view rendering. Explicitly configure spring.jpa.open-in-view to disable this warning
2025-11-23T10:09:36.441+01:00  INFO 21152 --- [challenge] [           main] o.s.b.a.e.web.EndpointLinksResolver      : Exposing 12 endpoints beneath base path '/actuator'
2025-11-23T10:09:36.513+01:00  INFO 21152 --- [challenge] [           main] c.i.c.a.ChallengeApplicationTests        : Started ChallengeApplicationTests in 7.163 seconds (process running for 8.583)
]]></system-out>
    <system-err><![CDATA[Mockito is currently self-attaching to enable the inline-mock-maker. This will no longer work in future releases of the JDK. Please add Mockito as an agent to your build as described in Mockito's documentation: https://javadoc.io/doc/org.mockito/mockito-core/latest/org.mockito/org/mockito/Mockito.html#0.3
WARNING: A Java agent has been loaded dynamically (C:\Users\elyza\.m2\repository\net\bytebuddy\byte-buddy-agent\1.17.8\byte-buddy-agent-1.17.8.jar)
WARNING: If a serviceability tool is in use, please run with -XX:+EnableDynamicAgentLoading to hide this warning
WARNING: If a serviceability tool is not in use, please run with -Djdk.instrument.traceUsage for more information
WARNING: Dynamic loading of agents will be disallowed by default in a future release
]]></system-err>
  </testcase>
</testsuite>